Line out:		Average voltage
151,152,2:			0.962425667897
151,152,1:			0.962425667897
201,204,1:			0.968315862055
201,202,1:			0.972868408753
152,3004,1:			0.975540200704
154,205,1:			0.990137939916
151,201,1:			0.992735975287
152,202,1:			0.997108661783
3001,3003,1:			0.998517334808
3003,3005,1:			1.0054770253
3003,3005,2:			1.0054770253
3005,3007,1:			1.00557629118
3002,3004,1:			1.00614754361
153,3006,1:			1.0066557239
3005,3008,1:			1.00728860557
3005,3006,1:			1.00762655217
154,203,1:			1.00779484227
203,205,1:			1.00803559803
203,205,2:			1.00803559803
3007,3008,1:			1.00816250559
153,154,2:			1.00910614819
154,3008,1:			1.00931216551
153,154,1:			1.01032008021
